> Task :clean

> Task :compileJava
./gradlew : D:\CineOps\BE\sr
c\main\java\service\cinema\b
e\entity\TaiKhoan.java:31: 
error: getCreatedDate() in 
TaiKhoan cannot override 
getCreatedDate() in 
AuditEntity
At line:1 char:1
+ ./gradlew clean 
compileJava --stacktrace 
2>&1 | Out-File -FilePath 
"c ...
+ ~~~~~~~~~~~~~~~~~~~~~~~~~~
~~~~~~~~~~~~~~~~~~~
    + CategoryInfo          
    : NotSpecified: (D:\Ci  
  neOps\BE\s... in AuditE   
 ntity:String) [], Remot    
eException
    + FullyQualifiedErrorId 
    : NativeCommandError
 
    private LocalDateTime 
createdDate;
                          ^
  return type LocalDateTime 
is not compatible with Long
D:\CineOps\BE\src\main\java\
service\cinema\be\entity\Tai
Khoan.java:34: error: 
getLastModifiedDate() in 
TaiKhoan cannot override 
getLastModifiedDate() in 
AuditEntity
    private LocalDateTime 
lastModifiedDate;
                          ^
  return type LocalDateTime 
is not compatible with Long
D:\CineOps\BE\src\main\java\
service\cinema\be\infrastruc
ture\security\service\Refres
hTokenService.java:48: 
error: cannot find symbol
                optionalRefr
eshToken.get().setExpiredAt(
REFRESH_EXPIRED_TIME);
                            
              ^
  symbol:   method 
setExpiredAt(long)
  location: class 
RefreshToken
D:\CineOps\BE\src\main\java\
service\cinema\be\infrastruc
ture\security\service\Refres
hTokenService.java:53: 
error: cannot find symbol
            refreshToken.set
ExpiredAt(REFRESH_EXPIRED_TI
ME);
                        ^
  symbol:   method 
setExpiredAt(long)
  location: variable 
refreshToken of type 
RefreshToken
D:\CineOps\BE\src\main\java\
service\cinema\be\infrastruc
ture\security\service\Refres
hTokenService.java:61: 
error: cannot find symbol
        refreshToken.setExpi
redAt(REFRESH_EXPIRED_TIME);
                    ^
  symbol:   method 
setExpiredAt(long)
  location: variable 
refreshToken of type 
RefreshToken
D:\CineOps\BE\src\main\java\
service\cinema\be\infrastruc
ture\security\service\Refres
hTokenService.java:72: 
error: cannot find symbol
                optionalRefr
eshToken.get().setExpiredAt(
REFRESH_EXPIRED_TIME);
                            
              ^
  symbol:   method 
setExpiredAt(long)
  location: class 
RefreshToken
D:\CineOps\BE\src\main\java\
service\cinema\be\infrastruc
ture\security\service\Refres
hTokenService.java:77: 
error: cannot find symbol
            refreshToken.set
ExpiredAt(REFRESH_EXPIRED_TI
ME);
                        ^
  symbol:   method 
setExpiredAt(long)
  location: variable 
refreshToken of type 
RefreshToken
D:\CineOps\BE\src\main\java\
service\cinema\be\infrastruc
ture\security\service\Refres
hTokenService.java:84: 
error: cannot find symbol
        refreshToken.setExpi
redAt(REFRESH_EXPIRED_TIME);
                    ^
  symbol:   method 
setExpiredAt(long)
  location: variable 
refreshToken of type 
RefreshToken
D:\CineOps\BE\src\main\java\
service\cinema\be\infrastruc
ture\security\service\Refres
hTokenService.java:91: 
error: cannot find symbol
        if 
(token.getExpiredAt() < Date
TimeUtil.convertDateToTimeSt
ampSecond(new Date())) {
                 ^
  symbol:   method 
getExpiredAt()
  location: variable token 
of type RefreshToken
D:\CineOps\BE\src\main\java\
service\cinema\be\infrastruc
ture\security\service\Bookin
gSecurityService.java:25: 
error: cannot find symbol
        return bookingReposi
tory.findByIdAndUserId(booki
ngId, userId).isPresent();
                            
    ^
  symbol:   method findByIdA
ndUserId(String,String)
  location: variable 
bookingRepository of type 
BookingRepository
D:\CineOps\BE\src\main\java\
service\cinema\be\infrastruc
ture\security\service\Review
SecurityService.java:25: 
error: cannot find symbol
        return reviewReposit
ory.findByIdAndUserId(review
Id, userId).isPresent();
                            
   ^
  symbol:   method findByIdA
ndUserId(String,String)
  location: variable 
reviewRepository of type 
ReviewRepository
D:\CineOps\BE\src\main\java\
service\cinema\be\infrastruc
ture\security\user\UserPrinc
ipal.java:63: error: cannot 
find symbol
                new SimpleGr
antedAuthority(EntityRole.RO
LE_USER.getAuthority())
                            
                         ^
  symbol:   variable 
ROLE_USER
  location: class EntityRole
D:\CineOps\BE\src\main\java\
service\cinema\be\infrastruc
ture\security\user\UserPrinc
ipal.java:84: error: cannot 
find symbol
            return 
EntityRole.ROLE_USER;
                            
 ^
  symbol:   variable 
ROLE_USER
  location: class EntityRole
13 errors

> Task :compileJava FAILED

FAILURE: Build failed with 
an exception.

* What went wrong:
Execution failed for task 
':compileJava'.
> Compilation failed; see 
the compiler error output 
for details.

* Try:
> Run with --info option to 
get more log output.
> Run with --scan to get 
full insights.

* Exception is:
org.gradle.api.tasks.TaskExe
cutionException: Execution 
failed for task 
':compileJava'.
	at org.gradle.api.internal.
tasks.execution.ExecuteActio
nsTaskExecuter.lambda$execut
eIfValid$1(ExecuteActionsTas
kExecuter.java:148)
	at org.gradle.internal.Try$
Failure.ifSuccessfulOrElse(T
ry.java:282)
	at org.gradle.api.internal.
tasks.execution.ExecuteActio
nsTaskExecuter.executeIfVali
d(ExecuteActionsTaskExecuter
.java:146)
	at org.gradle.api.internal.
tasks.execution.ExecuteActio
nsTaskExecuter.execute(Execu
teActionsTaskExecuter.java:1
34)
	at org.gradle.api.internal.
tasks.execution.FinalizeProp
ertiesTaskExecuter.execute(F
inalizePropertiesTaskExecute
r.java:46)
	at org.gradle.api.internal.
tasks.execution.ResolveTaskE
xecutionModeExecuter.execute
(ResolveTaskExecutionModeExe
cuter.java:51)
	at org.gradle.api.internal.
tasks.execution.SkipTaskWith
NoActionsExecuter.execute(Sk
ipTaskWithNoActionsExecuter.
java:57)
	at org.gradle.api.internal.
tasks.execution.SkipOnlyIfTa
skExecuter.execute(SkipOnlyI
fTaskExecuter.java:74)
	at org.gradle.api.internal.
tasks.execution.CatchExcepti
onTaskExecuter.execute(Catch
ExceptionTaskExecuter.java:3
6)
	at org.gradle.api.internal.
tasks.execution.EventFiringT
askExecuter$1.executeTask(Ev
entFiringTaskExecuter.java:7
7)
	at org.gradle.api.internal.
tasks.execution.EventFiringT
askExecuter$1.call(EventFiri
ngTaskExecuter.java:55)
	at org.gradle.api.internal.
tasks.execution.EventFiringT
askExecuter$1.call(EventFiri
ngTaskExecuter.java:52)
	at org.gradle.internal.oper
ations.DefaultBuildOperation
Runner$CallableBuildOperatio
nWorker.execute(DefaultBuild
OperationRunner.java:204)
	at org.gradle.internal.oper
ations.DefaultBuildOperation
Runner$CallableBuildOperatio
nWorker.execute(DefaultBuild
OperationRunner.java:199)
	at org.gradle.internal.oper
ations.DefaultBuildOperation
Runner$2.execute(DefaultBuil
dOperationRunner.java:66)
	at org.gradle.internal.oper
ations.DefaultBuildOperation
Runner$2.execute(DefaultBuil
dOperationRunner.java:59)
	at org.gradle.internal.oper
ations.DefaultBuildOperation
Runner.execute(DefaultBuildO
perationRunner.java:157)
	at org.gradle.internal.oper
ations.DefaultBuildOperation
Runner.execute(DefaultBuildO
perationRunner.java:59)
	at org.gradle.internal.oper
ations.DefaultBuildOperation
Runner.call(DefaultBuildOper
ationRunner.java:53)
	at org.gradle.internal.oper
ations.DefaultBuildOperation
Executor.call(DefaultBuildOp
erationExecutor.java:73)
	at org.gradle.api.internal.
tasks.execution.EventFiringT
askExecuter.execute(EventFir
ingTaskExecuter.java:52)
	at org.gradle.execution.pla
n.LocalTaskNodeExecutor.exec
ute(LocalTaskNodeExecutor.ja
va:42)
	at org.gradle.execution.tas
kgraph.DefaultTaskExecutionG
raph$InvokeNodeExecutorsActi
on.execute(DefaultTaskExecut
ionGraph.java:331)
	at org.gradle.execution.tas
kgraph.DefaultTaskExecutionG
raph$InvokeNodeExecutorsActi
on.execute(DefaultTaskExecut
ionGraph.java:318)
	at org.gradle.execution.tas
kgraph.DefaultTaskExecutionG
raph$BuildOperationAwareExec
utionAction.lambda$execute$0
(DefaultTaskExecutionGraph.j
ava:314)
	at org.gradle.internal.oper
ations.CurrentBuildOperation
Ref.with(CurrentBuildOperati
onRef.java:80)
	at org.gradle.execution.tas
kgraph.DefaultTaskExecutionG
raph$BuildOperationAwareExec
utionAction.execute(DefaultT
askExecutionGraph.java:314)
	at org.gradle.execution.tas
kgraph.DefaultTaskExecutionG
raph$BuildOperationAwareExec
utionAction.execute(DefaultT
askExecutionGraph.java:303)
	at org.gradle.execution.pla
n.DefaultPlanExecutor$Execut
orWorker.execute(DefaultPlan
Executor.java:463)
	at org.gradle.execution.pla
n.DefaultPlanExecutor$Execut
orWorker.run(DefaultPlanExec
utor.java:380)
	at org.gradle.internal.conc
urrent.ExecutorPolicy$CatchA
ndRecordFailures.onExecute(E
xecutorPolicy.java:64)
	at org.gradle.internal.conc
urrent.AbstractManagedExecut
or$1.run(AbstractManagedExec
utor.java:47)
Caused by: org.gradle.api.in
ternal.tasks.compile.Compila
tionFailedException: 
Compilation failed; see the 
compiler error output for 
details.
	at org.gradle.api.internal.
tasks.compile.JdkJavaCompile
r.execute(JdkJavaCompiler.ja
va:57)
	at org.gradle.api.internal.
tasks.compile.JdkJavaCompile
r.execute(JdkJavaCompiler.ja
va:39)
	at org.gradle.api.internal.
tasks.compile.NormalizingJav
aCompiler.delegateAndHandleE
rrors(NormalizingJavaCompile
r.java:98)
	at org.gradle.api.internal.
tasks.compile.NormalizingJav
aCompiler.execute(Normalizin
gJavaCompiler.java:52)
	at org.gradle.api.internal.
tasks.compile.NormalizingJav
aCompiler.execute(Normalizin
gJavaCompiler.java:38)
	at org.gradle.api.internal.
tasks.compile.AnnotationProc
essorDiscoveringCompiler.exe
cute(AnnotationProcessorDisc
overingCompiler.java:51)
	at org.gradle.api.internal.
tasks.compile.AnnotationProc
essorDiscoveringCompiler.exe
cute(AnnotationProcessorDisc
overingCompiler.java:37)
	at org.gradle.api.internal.
tasks.compile.ModuleApplicat
ionNameWritingCompiler.execu
te(ModuleApplicationNameWrit
ingCompiler.java:46)
	at org.gradle.api.internal.
tasks.compile.ModuleApplicat
ionNameWritingCompiler.execu
te(ModuleApplicationNameWrit
ingCompiler.java:36)
	at org.gradle.jvm.toolchain
.internal.DefaultToolchainJa
vaCompiler.execute(DefaultTo
olchainJavaCompiler.java:57)
	at org.gradle.api.tasks.com
pile.JavaCompile.lambda$crea
teToolchainCompiler$3(JavaCo
mpile.java:202)
	at org.gradle.api.internal.
tasks.compile.CleaningJavaCo
mpiler.execute(CleaningJavaC
ompiler.java:53)
	at org.gradle.api.internal.
tasks.compile.incremental.In
crementalCompilerFactory.lam
bda$createRebuildAllCompiler
$0(IncrementalCompilerFactor
y.java:52)
	at org.gradle.api.internal.
tasks.compile.incremental.Se
lectiveCompiler.execute(Sele
ctiveCompiler.java:70)
	at org.gradle.api.internal.
tasks.compile.incremental.Se
lectiveCompiler.execute(Sele
ctiveCompiler.java:44)
	at org.gradle.api.internal.
tasks.compile.incremental.In
crementalResultStoringCompil
er.execute(IncrementalResult
StoringCompiler.java:66)
	at org.gradle.api.internal.
tasks.compile.incremental.In
crementalResultStoringCompil
er.execute(IncrementalResult
StoringCompiler.java:52)
	at org.gradle.api.internal.
tasks.compile.CompileJavaBui
ldOperationReportingCompiler
$1.call(CompileJavaBuildOper
ationReportingCompiler.java:
64)
	at org.gradle.api.internal.
tasks.compile.CompileJavaBui
ldOperationReportingCompiler
$1.call(CompileJavaBuildOper
ationReportingCompiler.java:
48)
	at org.gradle.internal.oper
ations.DefaultBuildOperation
Runner$CallableBuildOperatio
nWorker.execute(DefaultBuild
OperationRunner.java:204)
	at org.gradle.internal.oper
ations.DefaultBuildOperation
Runner$CallableBuildOperatio
nWorker.execute(DefaultBuild
OperationRunner.java:199)
	at org.gradle.internal.oper
ations.DefaultBuildOperation
Runner$2.execute(DefaultBuil
dOperationRunner.java:66)
	at org.gradle.internal.oper
ations.DefaultBuildOperation
Runner$2.execute(DefaultBuil
dOperationRunner.java:59)
	at org.gradle.internal.oper
ations.DefaultBuildOperation
Runner.execute(DefaultBuildO
perationRunner.java:157)
	at org.gradle.internal.oper
ations.DefaultBuildOperation
Runner.execute(DefaultBuildO
perationRunner.java:59)
	at org.gradle.internal.oper
ations.DefaultBuildOperation
Runner.call(DefaultBuildOper
ationRunner.java:53)
	at org.gradle.internal.oper
ations.DefaultBuildOperation
Executor.call(DefaultBuildOp
erationExecutor.java:73)
	at org.gradle.api.internal.
tasks.compile.CompileJavaBui
ldOperationReportingCompiler
.execute(CompileJavaBuildOpe
rationReportingCompiler.java
:48)
	at org.gradle.api.tasks.com
pile.JavaCompile.performComp
ilation(JavaCompile.java:220
)
	at org.gradle.api.tasks.com
pile.JavaCompile.performIncr
ementalCompilation(JavaCompi
le.java:161)
	at org.gradle.api.tasks.com
pile.JavaCompile.compile(Jav
aCompile.java:146)
	at java.base/jdk.internal.r
eflect.NativeMethodAccessorI
mpl.invoke0(Native Method)
	at java.base/jdk.internal.r
eflect.NativeMethodAccessorI
mpl.invoke(NativeMethodAcces
sorImpl.java:77)
	at java.base/jdk.internal.r
eflect.DelegatingMethodAcces
sorImpl.invoke(DelegatingMet
hodAccessorImpl.java:43)
	at org.gradle.internal.refl
ect.JavaMethod.invoke(JavaMe
thod.java:125)
	at org.gradle.api.internal.
project.taskfactory.Incremen
talTaskAction.doExecute(Incr
ementalTaskAction.java:45)
	at org.gradle.api.internal.
project.taskfactory.Standard
TaskAction.execute(StandardT
askAction.java:51)
	at org.gradle.api.internal.
project.taskfactory.Incremen
talTaskAction.execute(Increm
entalTaskAction.java:26)
	at org.gradle.api.internal.
project.taskfactory.Standard
TaskAction.execute(StandardT
askAction.java:29)
	at org.gradle.api.internal.
tasks.execution.TaskExecutio
n$3.run(TaskExecution.java:2
48)
	at org.gradle.internal.oper
ations.DefaultBuildOperation
Runner$1.execute(DefaultBuil
dOperationRunner.java:29)
	at org.gradle.internal.oper
ations.DefaultBuildOperation
Runner$1.execute(DefaultBuil
dOperationRunner.java:26)
	at org.gradle.internal.oper
ations.DefaultBuildOperation
Runner$2.execute(DefaultBuil
dOperationRunner.java:66)
	at org.gradle.internal.oper
ations.DefaultBuildOperation
Runner$2.execute(DefaultBuil
dOperationRunner.java:59)
	at org.gradle.internal.oper
ations.DefaultBuildOperation
Runner.execute(DefaultBuildO
perationRunner.java:157)
	at org.gradle.internal.oper
ations.DefaultBuildOperation
Runner.execute(DefaultBuildO
perationRunner.java:59)
	at org.gradle.internal.oper
ations.DefaultBuildOperation
Runner.run(DefaultBuildOpera
tionRunner.java:47)
	at org.gradle.internal.oper
ations.DefaultBuildOperation
Executor.run(DefaultBuildOpe
rationExecutor.java:68)
	at org.gradle.api.internal.
tasks.execution.TaskExecutio
n.executeAction(TaskExecutio
n.java:233)
	at org.gradle.api.internal.
tasks.execution.TaskExecutio
n.executeActions(TaskExecuti
on.java:216)
	at org.gradle.api.internal.
tasks.execution.TaskExecutio
n.executeWithPreviousOutputF
iles(TaskExecution.java:199)
	at org.gradle.api.internal.
tasks.execution.TaskExecutio
n.execute(TaskExecution.java
:166)
	at org.gradle.internal.exec
ution.steps.ExecuteStep.exec
uteInternal(ExecuteStep.java
:105)
	at org.gradle.internal.exec
ution.steps.ExecuteStep.acce
ss$000(ExecuteStep.java:44)
	at org.gradle.internal.exec
ution.steps.ExecuteStep$1.ca
ll(ExecuteStep.java:59)
	at org.gradle.internal.exec
ution.steps.ExecuteStep$1.ca
ll(ExecuteStep.java:56)
	at org.gradle.internal.oper
ations.DefaultBuildOperation
Runner$CallableBuildOperatio
nWorker.execute(DefaultBuild
OperationRunner.java:204)
	at org.gradle.internal.oper
ations.DefaultBuildOperation
Runner$CallableBuildOperatio
nWorker.execute(DefaultBuild
OperationRunner.java:199)
	at org.gradle.internal.oper
ations.DefaultBuildOperation
Runner$2.execute(DefaultBuil
dOperationRunner.java:66)
	at org.gradle.internal.oper
ations.DefaultBuildOperation
Runner$2.execute(DefaultBuil
dOperationRunner.java:59)
	at org.gradle.internal.oper
ations.DefaultBuildOperation
Runner.execute(DefaultBuildO
perationRunner.java:157)
	at org.gradle.internal.oper
ations.DefaultBuildOperation
Runner.execute(DefaultBuildO
perationRunner.java:59)
	at org.gradle.internal.oper
ations.DefaultBuildOperation
Runner.call(DefaultBuildOper
ationRunner.java:53)
	at org.gradle.internal.oper
ations.DefaultBuildOperation
Executor.call(DefaultBuildOp
erationExecutor.java:73)
	at org.gradle.internal.exec
ution.steps.ExecuteStep.exec
ute(ExecuteStep.java:56)
	at org.gradle.internal.exec
ution.steps.ExecuteStep.exec
ute(ExecuteStep.java:44)
	at org.gradle.internal.exec
ution.steps.RemovePreviousOu
tputsStep.execute(RemovePrev
iousOutputsStep.java:67)
	at org.gradle.internal.exec
ution.steps.RemovePreviousOu
tputsStep.execute(RemovePrev
iousOutputsStep.java:37)
	at org.gradle.internal.exec
ution.steps.CancelExecutionS
tep.execute(CancelExecutionS
tep.java:41)
	at org.gradle.internal.exec
ution.steps.TimeoutStep.exec
uteWithoutTimeout(TimeoutSte
p.java:74)
	at org.gradle.internal.exec
ution.steps.TimeoutStep.exec
ute(TimeoutStep.java:55)
	at org.gradle.internal.exec
ution.steps.CreateOutputsSte
p.execute(CreateOutputsStep.
java:50)
	at org.gradle.internal.exec
ution.steps.CreateOutputsSte
p.execute(CreateOutputsStep.
java:28)
	at org.gradle.internal.exec
ution.steps.CaptureStateAfte
rExecutionStep.executeDelega
teBroadcastingChanges(Captur
eStateAfterExecutionStep.jav
a:100)
	at org.gradle.internal.exec
ution.steps.CaptureStateAfte
rExecutionStep.execute(Captu
reStateAfterExecutionStep.ja
va:72)
	at org.gradle.internal.exec
ution.steps.CaptureStateAfte
rExecutionStep.execute(Captu
reStateAfterExecutionStep.ja
va:50)
	at org.gradle.internal.exec
ution.steps.ResolveInputChan
gesStep.execute(ResolveInput
ChangesStep.java:40)
	at org.gradle.internal.exec
ution.steps.ResolveInputChan
gesStep.execute(ResolveInput
ChangesStep.java:29)
	at org.gradle.internal.exec
ution.steps.BuildCacheStep.e
xecuteWithoutCache(BuildCach
eStep.java:179)
	at org.gradle.internal.exec
ution.steps.BuildCacheStep.l
ambda$execute$1(BuildCacheSt
ep.java:70)
	at org.gradle.internal.Eith
er$Right.fold(Either.java:17
5)
	at org.gradle.internal.exec
ution.caching.CachingState.f
old(CachingState.java:59)
	at org.gradle.internal.exec
ution.steps.BuildCacheStep.e
xecute(BuildCacheStep.java:6
8)
	at org.gradle.internal.exec
ution.steps.BuildCacheStep.e
xecute(BuildCacheStep.java:4
6)
	at org.gradle.internal.exec
ution.steps.StoreExecutionSt
ateStep.execute(StoreExecuti
onStateStep.java:36)
	at org.gradle.internal.exec
ution.steps.StoreExecutionSt
ateStep.execute(StoreExecuti
onStateStep.java:25)
	at org.gradle.internal.exec
ution.steps.RecordOutputsSte
p.execute(RecordOutputsStep.
java:36)
	at org.gradle.internal.exec
ution.steps.RecordOutputsSte
p.execute(RecordOutputsStep.
java:22)
	at org.gradle.internal.exec
ution.steps.SkipUpToDateStep
.executeBecause(SkipUpToDate
Step.java:91)
	at org.gradle.internal.exec
ution.steps.SkipUpToDateStep
.lambda$execute$2(SkipUpToDa
teStep.java:55)
	at org.gradle.internal.exec
ution.steps.SkipUpToDateStep
.execute(SkipUpToDateStep.ja
va:55)
	at org.gradle.internal.exec
ution.steps.SkipUpToDateStep
.execute(SkipUpToDateStep.ja
va:37)
	at org.gradle.internal.exec
ution.steps.ResolveChangesSt
ep.execute(ResolveChangesSte
p.java:65)
	at org.gradle.internal.exec
ution.steps.ResolveChangesSt
ep.execute(ResolveChangesSte
p.java:36)
	at org.gradle.internal.exec
ution.steps.legacy.MarkSnaps
hottingInputsFinishedStep.ex
ecute(MarkSnapshottingInputs
FinishedStep.java:37)
	at org.gradle.internal.exec
ution.steps.legacy.MarkSnaps
hottingInputsFinishedStep.ex
ecute(MarkSnapshottingInputs
FinishedStep.java:27)
	at org.gradle.internal.exec
ution.steps.ResolveCachingSt
ateStep.execute(ResolveCachi
ngStateStep.java:76)
	at org.gradle.internal.exec
ution.steps.ResolveCachingSt
ateStep.execute(ResolveCachi
ngStateStep.java:37)
	at org.gradle.internal.exec
ution.steps.ValidateStep.exe
cute(ValidateStep.java:108)
	at org.gradle.internal.exec
ution.steps.ValidateStep.exe
cute(ValidateStep.java:55)
	at org.gradle.internal.exec
ution.steps.CaptureStateBefo
reExecutionStep.execute(Capt
ureStateBeforeExecutionStep.
java:71)
	at org.gradle.internal.exec
ution.steps.CaptureStateBefo
reExecutionStep.execute(Capt
ureStateBeforeExecutionStep.
java:45)
	at org.gradle.internal.exec
ution.steps.SkipEmptyWorkSte
p.executeWithNonEmptySources
(SkipEmptyWorkStep.java:177)
	at org.gradle.internal.exec
ution.steps.SkipEmptyWorkSte
p.execute(SkipEmptyWorkStep.
java:86)
	at org.gradle.internal.exec
ution.steps.SkipEmptyWorkSte
p.execute(SkipEmptyWorkStep.
java:53)
	at org.gradle.internal.exec
ution.steps.RemoveUntrackedE
xecutionStateStep.execute(Re
moveUntrackedExecutionStateS
tep.java:32)
	at org.gradle.internal.exec
ution.steps.RemoveUntrackedE
xecutionStateStep.execute(Re
moveUntrackedExecutionStateS
tep.java:21)
	at org.gradle.internal.exec
ution.steps.legacy.MarkSnaps
hottingInputsStartedStep.exe
cute(MarkSnapshottingInputsS
tartedStep.java:38)
	at org.gradle.internal.exec
ution.steps.LoadPreviousExec
utionStateStep.execute(LoadP
reviousExecutionStateStep.ja
va:36)
	at org.gradle.internal.exec
ution.steps.LoadPreviousExec
utionStateStep.execute(LoadP
reviousExecutionStateStep.ja
va:23)
	at org.gradle.internal.exec
ution.steps.CleanupStaleOutp
utsStep.execute(CleanupStale
OutputsStep.java:75)
	at org.gradle.internal.exec
ution.steps.CleanupStaleOutp
utsStep.execute(CleanupStale
OutputsStep.java:41)
	at org.gradle.internal.exec
ution.steps.ExecuteWorkBuild
OperationFiringStep.lambda$e
xecute$2(ExecuteWorkBuildOpe
rationFiringStep.java:66)
	at org.gradle.internal.exec
ution.steps.ExecuteWorkBuild
OperationFiringStep.execute(
ExecuteWorkBuildOperationFir
ingStep.java:66)
	at org.gradle.internal.exec
ution.steps.ExecuteWorkBuild
OperationFiringStep.execute(
ExecuteWorkBuildOperationFir
ingStep.java:38)
	at org.gradle.internal.exec
ution.steps.AssignWorkspaceS
tep.lambda$execute$0(AssignW
orkspaceStep.java:32)
	at org.gradle.api.internal.
tasks.execution.TaskExecutio
n$4.withWorkspace(TaskExecut
ion.java:293)
	at org.gradle.internal.exec
ution.steps.AssignWorkspaceS
tep.execute(AssignWorkspaceS
tep.java:30)
	at org.gradle.internal.exec
ution.steps.AssignWorkspaceS
tep.execute(AssignWorkspaceS
tep.java:21)
	at org.gradle.internal.exec
ution.steps.IdentityCacheSte
p.execute(IdentityCacheStep.
java:37)
	at org.gradle.internal.exec
ution.steps.IdentityCacheSte
p.execute(IdentityCacheStep.
java:27)
	at org.gradle.internal.exec
ution.steps.IdentifyStep.exe
cute(IdentifyStep.java:47)
	at org.gradle.internal.exec
ution.steps.IdentifyStep.exe
cute(IdentifyStep.java:34)
	at org.gradle.internal.exec
ution.impl.DefaultExecutionE
ngine$1.execute(DefaultExecu
tionEngine.java:64)
	at org.gradle.api.internal.
tasks.execution.ExecuteActio
nsTaskExecuter.executeIfVali
d(ExecuteActionsTaskExecuter
.java:145)
	at org.gradle.api.internal.
tasks.execution.ExecuteActio
nsTaskExecuter.execute(Execu
teActionsTaskExecuter.java:1
34)
	at org.gradle.api.internal.
tasks.execution.FinalizeProp
ertiesTaskExecuter.execute(F
inalizePropertiesTaskExecute
r.java:46)
	at org.gradle.api.internal.
tasks.execution.ResolveTaskE
xecutionModeExecuter.execute
(ResolveTaskExecutionModeExe
cuter.java:51)
	at org.gradle.api.internal.
tasks.execution.SkipTaskWith
NoActionsExecuter.execute(Sk
ipTaskWithNoActionsExecuter.
java:57)
	at org.gradle.api.internal.
tasks.execution.SkipOnlyIfTa
skExecuter.execute(SkipOnlyI
fTaskExecuter.java:74)
	at org.gradle.api.internal.
tasks.execution.CatchExcepti
onTaskExecuter.execute(Catch
ExceptionTaskExecuter.java:3
6)
	at org.gradle.api.internal.
tasks.execution.EventFiringT
askExecuter$1.executeTask(Ev
entFiringTaskExecuter.java:7
7)
	at org.gradle.api.internal.
tasks.execution.EventFiringT
askExecuter$1.call(EventFiri
ngTaskExecuter.java:55)
	at org.gradle.api.internal.
tasks.execution.EventFiringT
askExecuter$1.call(EventFiri
ngTaskExecuter.java:52)
	at org.gradle.internal.oper
ations.DefaultBuildOperation
Runner$CallableBuildOperatio
nWorker.execute(DefaultBuild
OperationRunner.java:204)
	at org.gradle.internal.oper
ations.DefaultBuildOperation
Runner$CallableBuildOperatio
nWorker.execute(DefaultBuild
OperationRunner.java:199)
	at org.gradle.internal.oper
ations.DefaultBuildOperation
Runner$2.execute(DefaultBuil
dOperationRunner.java:66)
	at org.gradle.internal.oper
ations.DefaultBuildOperation
Runner$2.execute(DefaultBuil
dOperationRunner.java:59)
	at org.gradle.internal.oper
ations.DefaultBuildOperation
Runner.execute(DefaultBuildO
perationRunner.java:157)
	at org.gradle.internal.oper
ations.DefaultBuildOperation
Runner.execute(DefaultBuildO
perationRunner.java:59)
	at org.gradle.internal.oper
ations.DefaultBuildOperation
Runner.call(DefaultBuildOper
ationRunner.java:53)
	at org.gradle.internal.oper
ations.DefaultBuildOperation
Executor.call(DefaultBuildOp
erationExecutor.java:73)
	at org.gradle.api.internal.
tasks.execution.EventFiringT
askExecuter.execute(EventFir
ingTaskExecuter.java:52)
	at org.gradle.execution.pla
n.LocalTaskNodeExecutor.exec
ute(LocalTaskNodeExecutor.ja
va:42)
	at org.gradle.execution.tas
kgraph.DefaultTaskExecutionG
raph$InvokeNodeExecutorsActi
on.execute(DefaultTaskExecut
ionGraph.java:331)
	at org.gradle.execution.tas
kgraph.DefaultTaskExecutionG
raph$InvokeNodeExecutorsActi
on.execute(DefaultTaskExecut
ionGraph.java:318)
	at org.gradle.execution.tas
kgraph.DefaultTaskExecutionG
raph$BuildOperationAwareExec
utionAction.lambda$execute$0
(DefaultTaskExecutionGraph.j
ava:314)
	at org.gradle.internal.oper
ations.CurrentBuildOperation
Ref.with(CurrentBuildOperati
onRef.java:80)
	at org.gradle.execution.tas
kgraph.DefaultTaskExecutionG
raph$BuildOperationAwareExec
utionAction.execute(DefaultT
askExecutionGraph.java:314)
	at org.gradle.execution.tas
kgraph.DefaultTaskExecutionG
raph$BuildOperationAwareExec
utionAction.execute(DefaultT
askExecutionGraph.java:303)
	at org.gradle.execution.pla
n.DefaultPlanExecutor$Execut
orWorker.execute(DefaultPlan
Executor.java:463)
2 actionable tasks: 2 executed
	at org.gradle.execution.pla
n.DefaultPlanExecutor$Execut
orWorker.run(DefaultPlanExec
utor.java:380)
	at org.gradle.internal.conc
urrent.ExecutorPolicy$CatchA
ndRecordFailures.onExecute(E
xecutorPolicy.java:64)
	at org.gradle.internal.conc
urrent.AbstractManagedExecut
or$1.run(AbstractManagedExec
utor.java:47)


BUILD FAILED in 5s
